#
# A fatal error has been detected by the Java Runtime Environment:
#
#  EXCEPTION_ACCESS_VIOLATION (0xc0000005) at pc=0x000000000b1d2b60, pid=3960, tid=3172
#
# JRE version: 7.0_17-b02
# Java VM: Java HotSpot(TM) 64-Bit Server VM (23.7-b01 mixed mode windows-amd64 compressed oops)
# Problematic frame:
# C  [ig4dev64.dll+0x12b60]
#
# Failed to write core dump. Minidumps are not enabled by default on client versions of Windows
#
# If you would like to submit a bug report, please visit:
#   http://bugreport.sun.com/bugreport/crash.jsp
# The crash happened outside the Java Virtual Machine in native code.
# See problematic frame for where to report the bug.
#

---------------  T H R E A D  ---------------

Current thread (0x000000000298d800):  JavaThread "main" [_thread_in_native, id=3172, stack(0x0000000002850000,0x0000000002950000)]

siginfo: ExceptionCode=0xc0000005, reading address 0x0000000000000000

Registers:
RAX=0x0000000000000000, RBX=0x000000000bb000b0, RCX=0x000000000bb000b0, RDX=0x0000000000e67f40
RSP=0x000000000294e290, RBP=0x000000000bb554c8, RSI=0x0000000000e5d160, RDI=0x000000000bb554c8
R8 =0x0000000000e67de0, R9 =0x0000000000dc02f8, R10=0x0000000000000003, R11=0x000007fde9f1e700
R12=0xfffffffff101106c, R13=0x0000000008bf7f50, R14=0x000000000bb000b0, R15=0x0000000000000000
RIP=0x000000000b1d2b60, EFLAGS=0x0000000000010202

Top of Stack: (sp=0x000000000294e290)
0x000000000294e290:   0000000000e7de00 000007fde9ea5cd8
0x000000000294e2a0:   0000000000dc0000 0000000000000000
0x000000000294e2b0:   0000000000000000 0000000000e7de00
0x000000000294e2c0:   0000000000e7d2e0 000000000bb000b0
0x000000000294e2d0:   fffffffffffffffe 0000000000000001
0x000000000294e2e0:   0000000000000000 000007f700000000
0x000000000294e2f0:   0000000000e7de18 000000000b2580a2
0x000000000294e300:   0000000000000000 0000000008bf7f50
0x000000000294e310:   000007f728ce0000 0000000000dd2a20
0x000000000294e320:   0000000000e662f0 0000000000e67de0
0x000000000294e330:   0000000000000000 000007fde711e892
0x000000000294e340:   0000000000000000 0000000000e662f0
0x000000000294e350:   fffffffffffffffe 0000000000e7de00
0x000000000294e360:   0000000000000000 0000000008bf7f50
0x000000000294e370:   000007f728ce0000 0000000000dd2a20
0x000000000294e380:   0000000000e7c360 0000000000e67de0 

Instructions: (pc=0x000000000b1d2b60)
0x000000000b1d2b40:   33 c4 48 89 84 24 50 02 00 00 4c 8b f1 48 89 4c
0x000000000b1d2b50:   24 38 48 8d a9 18 54 05 00 48 8b 85 e0 00 00 00
0x000000000b1d2b60:   48 8b 08 48 8b 59 10 48 89 5c 24 30 49 8b b6 28
0x000000000b1d2b70:   58 05 00 49 3b b6 30 58 05 00 74 64 45 33 ed 90 


Register to memory mapping:

RAX=0x0000000000000000 is an unknown value
RBX=0x000000000bb000b0 is an unknown value
RCX=0x000000000bb000b0 is an unknown value
RDX=0x0000000000e67f40 is an unknown value
RSP=0x000000000294e290 is pointing into the stack for thread: 0x000000000298d800
RBP=0x000000000bb554c8 is an unknown value
RSI=0x0000000000e5d160 is an unknown value
RDI=0x000000000bb554c8 is an unknown value
R8 =0x0000000000e67de0 is an unknown value
R9 =0x0000000000dc02f8 is an unknown value
R10=0x0000000000000003 is an unknown value
R11=0x000007fde9f1e700 is an unknown value
R12=0xfffffffff101106c is an unknown value
R13=0x0000000008bf7f50 is an unknown value
R14=0x000000000bb000b0 is an unknown value
R15=0x0000000000000000 is an unknown value


Stack: [0x0000000002850000,0x0000000002950000],  sp=0x000000000294e290,  free space=1016k
Native frames: (J=compiled Java code, j=interpreted, Vv=VM code, C=native code)
C  [ig4dev64.dll+0x12b60]

Java frames: (J=compiled Java code, j=interpreted, Vv=VM code)
j  org.lwjgl.opengl.WindowsContextImplementation.nCreate(Ljava/nio/ByteBuffer;Ljava/nio/IntBuffer;Ljava/nio/ByteBuffer;)Ljava/nio/ByteBuffer;+0
j  org.lwjgl.opengl.WindowsContextImplementation.create(Lorg/lwjgl/opengl/PeerInfo;Ljava/nio/IntBuffer;Ljava/nio/ByteBuffer;)Ljava/nio/ByteBuffer;+10
j  org.lwjgl.opengl.ContextGL.<init>(Lorg/lwjgl/opengl/PeerInfo;Lorg/lwjgl/opengl/ContextAttribs;Lorg/lwjgl/opengl/ContextGL;)V+103
j  org.lwjgl.opengl.Display.create(Lorg/lwjgl/opengl/PixelFormat;Lorg/lwjgl/opengl/Drawable;Lorg/lwjgl/opengl/ContextAttribs;)V+102
j  org.lwjgl.opengl.Display.create(Lorg/lwjgl/opengl/PixelFormat;)V+12
j  org.newdawn.slick.AppGameContainer.tryCreateDisplay(Lorg/lwjgl/opengl/PixelFormat;)V+7
j  org.newdawn.slick.AppGameContainer.access$000(Lorg/newdawn/slick/AppGameContainer;Lorg/lwjgl/opengl/PixelFormat;)V+2
j  org.newdawn.slick.AppGameContainer$2.run()Ljava/lang/Object;+36
v  ~StubRoutines::call_stub
j  java.security.AccessController.doPrivileged(Ljava/security/PrivilegedAction;)Ljava/lang/Object;+0
j  org.newdawn.slick.AppGameContainer.setup()V+112
j  org.newdawn.slick.AppGameContainer.start()V+1
j  de.pokemon.Core.main([Ljava/lang/String;)V+43
v  ~StubRoutines::call_stub

---------------  P R O C E S S  ---------------

Java Threads: ( => current thread )
  0x0000000008bb7000 JavaThread "Service Thread" daemon [_thread_blocked, id=1248, stack(0x0000000009d40000,0x0000000009e40000)]
  0x0000000008bb6800 JavaThread "C2 CompilerThread1" daemon [_thread_blocked, id=4644, stack(0x0000000009c40000,0x0000000009d40000)]
  0x0000000008baa000 JavaThread "C2 CompilerThread0" daemon [_thread_blocked, id=5420, stack(0x0000000009b40000,0x0000000009c40000)]
  0x0000000008ba8800 JavaThread "Attach Listener" daemon [_thread_blocked, id=4700, stack(0x0000000009a40000,0x0000000009b40000)]
  0x0000000008ba5000 JavaThread "Signal Dispatcher" daemon [_thread_blocked, id=3288, stack(0x0000000009940000,0x0000000009a40000)]
  0x0000000008b40000 JavaThread "Finalizer" daemon [_thread_blocked, id=5824, stack(0x0000000009840000,0x0000000009940000)]
  0x0000000008b38000 JavaThread "Reference Handler" daemon [_thread_blocked, id=4304, stack(0x0000000009740000,0x0000000009840000)]
=>0x000000000298d800 JavaThread "main" [_thread_in_native, id=3172, stack(0x0000000002850000,0x0000000002950000)]

Other Threads:
  0x0000000008b2e000 VMThread [stack: 0x0000000009640000,0x0000000009740000] [id=5236]
  0x0000000008bc0000 WatcherThread [stack: 0x0000000009e40000,0x0000000009f40000] [id=5264]

VM state:not at safepoint (normal execution)

VM Mutex/Monitor currently owned by a thread: None

Heap
 PSYoungGen      total 18816K, used 2634K [0x00000000eb0b0000, 0x00000000ec5a0000, 0x0000000100000000)
  eden space 16192K, 16% used [0x00000000eb0b0000,0x00000000eb3428b8,0x00000000ec080000)
  from space 2624K, 0% used [0x00000000ec310000,0x00000000ec310000,0x00000000ec5a0000)
  to   space 2624K, 0% used [0x00000000ec080000,0x00000000ec080000,0x00000000ec310000)
 ParOldGen       total 42944K, used 0K [0x00000000c1200000, 0x00000000c3bf0000, 0x00000000eb0b0000)
  object space 42944K, 0% used [0x00000000c1200000,0x00000000c1200000,0x00000000c3bf0000)
 PSPermGen       total 21248K, used 4262K [0x00000000bc000000, 0x00000000bd4c0000, 0x00000000c1200000)
  object space 21248K, 20% used [0x00000000bc000000,0x00000000bc429a00,0x00000000bd4c0000)

Card table byte_map: [0x0000000005ab0000,0x0000000005ce0000] byte_map_base: 0x00000000054d0000

Polling page: 0x0000000000fc0000

Code Cache  [0x0000000002ab0000, 0x0000000002d20000, 0x0000000005ab0000)
 total_blobs=248 nmethods=7 adapters=193 free_code_cache=48731Kb largest_free_block=49890368

Compilation events (10 events):
Event: 0.358 Thread 0x0000000008baa000 nmethod 1 0x0000000002b10fd0 code [0x0000000002b11120, 0x0000000002b11578]
Event: 0.359 Thread 0x0000000008bb6800 nmethod 3 0x0000000002b10c90 code [0x0000000002b10dc0, 0x0000000002b10f38]
Event: 0.376 Thread 0x0000000008baa000    4             java.lang.String::lastIndexOf (52 bytes)
Event: 0.379 Thread 0x0000000008baa000 nmethod 4 0x0000000002b104d0 code [0x0000000002b10620, 0x0000000002b10788]
Event: 0.381 Thread 0x0000000008bb6800    5             java.lang.String::charAt (29 bytes)
Event: 0.382 Thread 0x0000000008bb6800 nmethod 5 0x0000000002b14e50 code [0x0000000002b14f80, 0x0000000002b15018]
Event: 0.517 Thread 0x0000000008baa000    6             java.lang.String::replace (127 bytes)
Event: 0.530 Thread 0x0000000008baa000 nmethod 6 0x0000000002b15690 code [0x0000000002b157e0, 0x0000000002b15c58]
Event: 0.793 Thread 0x0000000008bb6800    7             java.lang.String::startsWith (72 bytes)
Event: 0.797 Thread 0x0000000008bb6800 nmethod 7 0x0000000002b1b7d0 code [0x0000000002b1b920, 0x0000000002b1bab8]

GC Heap History (0 events):
No events

Deoptimization events (0 events):
No events

Internal exceptions (10 events):
Event: 0.789 Thread 0x000000000298d800 Threw 0x00000000eb2df0f8 at C:\jdk7u2_64p\jdk7u17\hotspot\src\share\vm\prims\jvm.cpp:1166
Event: 0.790 Thread 0x000000000298d800 Threw 0x00000000eb2e2e10 at C:\jdk7u2_64p\jdk7u17\hotspot\src\share\vm\prims\jvm.cpp:1166
Event: 0.793 Thread 0x000000000298d800 Threw 0x00000000eb2eabb8 at C:\jdk7u2_64p\jdk7u17\hotspot\src\share\vm\prims\jvm.cpp:1166
Event: 0.795 Thread 0x000000000298d800 Threw 0x00000000eb2f0680 at C:\jdk7u2_64p\jdk7u17\hotspot\src\share\vm\prims\jvm.cpp:1166
Event: 0.796 Thread 0x000000000298d800 Threw 0x00000000eb2f5438 at C:\jdk7u2_64p\jdk7u17\hotspot\src\share\vm\prims\jvm.cpp:1166
Event: 0.811 Thread 0x000000000298d800 Threw 0x00000000eb30c310 at C:\jdk7u2_64p\jdk7u17\hotspot\src\share\vm\prims\jvm.cpp:1166
Event: 0.812 Thread 0x000000000298d800 Threw 0x00000000eb30fb60 at C:\jdk7u2_64p\jdk7u17\hotspot\src\share\vm\prims\jvm.cpp:1166
Event: 0.830 Thread 0x000000000298d800 Threw 0x00000000eb3168c8 at C:\jdk7u2_64p\jdk7u17\hotspot\src\share\vm\prims\jvm.cpp:1166
Event: 0.833 Thread 0x000000000298d800 Threw 0x00000000eb31d2c8 at C:\jdk7u2_64p\jdk7u17\hotspot\src\share\vm\prims\jvm.cpp:1166
Event: 0.834 Thread 0x000000000298d800 Threw 0x00000000eb31fd08 at C:\jdk7u2_64p\jdk7u17\hotspot\src\share\vm\prims\jvm.cpp:1166

Events (10 events):
Event: 0.810 loading class 0x000000000a03e910
Event: 0.810 loading class 0x000000000a03e910 done
Event: 0.812 loading class 0x0000000009fc9120
Event: 0.812 loading class 0x0000000009fc9120 done
Event: 0.830 loading class 0x0000000008befcc0
Event: 0.830 loading class 0x0000000008befcc0 done
Event: 0.832 loading class 0x000000000a03fb50
Event: 0.832 loading class 0x000000000a03fb50 done
Event: 0.834 loading class 0x0000000008c61c10
Event: 0.834 loading class 0x0000000008c61c10 done


Dynamic libraries:
0x000007f729480000 - 0x000007f7294b3000 	C:\Program Files\Java\jre7\bin\javaw.exe
0x000007fde9ea0000 - 0x000007fdea060000 	C:\Windows\SYSTEM32\ntdll.dll
0x000007fde9d60000 - 0x000007fde9e96000 	C:\Windows\system32\KERNEL32.DLL
0x000007fde7100000 - 0x000007fde71f3000 	C:\Windows\system32\KERNELBASE.dll
0x000007fde7fb0000 - 0x000007fde808e000 	C:\Windows\system32\ADVAPI32.dll
0x000007fde8090000 - 0x000007fde81dc000 	C:\Windows\system32\USER32.dll
0x000007fde5ec0000 - 0x000007fde612a000 	C:\Windows\WinSxS\amd64_microsoft.windows.common-controls_6595b64144ccf1df_6.0.9200.16579_none_418ab7ef718b27ef\COMCTL32.dll
0x000007fde7f00000 - 0x000007fde7fa5000 	C:\Windows\system32\msvcrt.dll
0x000007fde9a50000 - 0x000007fde9a98000 	C:\Windows\SYSTEM32\sechost.dll
0x000007fde7880000 - 0x000007fde79c0000 	C:\Windows\system32\RPCRT4.dll
0x000007fde8310000 - 0x000007fde8450000 	C:\Windows\system32\GDI32.dll
0x000007fde9aa0000 - 0x000007fde9ad9000 	C:\Windows\system32\IMM32.DLL
0x000007fde81f0000 - 0x000007fde8305000 	C:\Windows\system32\MSCTF.dll
0x0000000071790000 - 0x00000000717c8000 	C:\PROGRA~2\Sophos\SOPHOS~1\SOPHOS~2.DLL
0x000007fde9cb0000 - 0x000007fde9cb7000 	C:\Windows\system32\PSAPI.DLL
0x0000000071340000 - 0x0000000071411000 	C:\Program Files\Java\jre7\bin\msvcr100.dll
0x0000000070820000 - 0x0000000070f3f000 	C:\Program Files\Java\jre7\bin\server\jvm.dll
0x000007fde39d0000 - 0x000007fde39d9000 	C:\Windows\SYSTEM32\WSOCK32.dll
0x000007fde18a0000 - 0x000007fde18c0000 	C:\Windows\SYSTEM32\WINMM.dll
0x000007fde8450000 - 0x000007fde84a8000 	C:\Windows\system32\WS2_32.dll
0x000007fde1860000 - 0x000007fde1892000 	C:\Windows\SYSTEM32\WINMMBASE.dll
0x000007fde7be0000 - 0x000007fde7be9000 	C:\Windows\system32\NSI.dll
0x0000000071330000 - 0x000000007133f000 	C:\Program Files\Java\jre7\bin\verify.dll
0x0000000071300000 - 0x0000000071328000 	C:\Program Files\Java\jre7\bin\java.dll
0x00000000712e0000 - 0x00000000712f5000 	C:\Program Files\Java\jre7\bin\zip.dll
0x0000000180000000 - 0x0000000180050000 	C:\Users\Dennis\git\Project-Pokemon\Project-Pokemon\lib\natives\windows\lwjgl64.dll
0x000007fdd7880000 - 0x000007fdd799f000 	C:\Windows\SYSTEM32\OPENGL32.dll
0x000007fde61c0000 - 0x000007fde61c9000 	C:\Windows\SYSTEM32\VERSION.dll
0x000007fdd8cc0000 - 0x000007fdd8cec000 	C:\Windows\SYSTEM32\GLU32.dll
0x000007fdd7790000 - 0x000007fdd787a000 	C:\Windows\SYSTEM32\DDRAW.dll
0x000007fdd8cb0000 - 0x000007fdd8cb8000 	C:\Windows\SYSTEM32\DCIMAN32.dll
0x00000000712c0000 - 0x00000000712d9000 	C:\Program Files\Java\jre7\bin\net.dll
0x00000000715b0000 - 0x00000000715d2000 	C:\ProgramData\Sophos\Web Intelligence\swi_ifslsp_64.dll
0x000007fde84b0000 - 0x000007fde9790000 	C:\Windows\system32\SHELL32.dll
0x000007fde7a30000 - 0x000007fde7be0000 	C:\Windows\SYSTEM32\combase.dll
0x000007fde9930000 - 0x000007fde9980000 	C:\Windows\system32\SHLWAPI.dll
0x000007fde65c0000 - 0x000007fde661c000 	C:\Windows\system32\mswsock.dll
0x00000000712a0000 - 0x00000000712b1000 	C:\Program Files\Java\jre7\bin\nio.dll
0x000007fde55e0000 - 0x000007fde56c6000 	C:\Windows\system32\uxtheme.dll
0x000007fde1d10000 - 0x000007fde1da5000 	C:\Program Files\Common Files\microsoft shared\ink\tiptsf.dll
0x000007fde9980000 - 0x000007fde9a43000 	C:\Windows\system32\OLEAUT32.dll
0x000007fdd8de0000 - 0x000007fdd8e00000 	C:\Program Files (x86)\TeamViewer\Version8\tv_x64.dll
0x000007fde7d70000 - 0x000007fde7eee000 	C:\Windows\system32\ole32.dll
0x000007fde4ea0000 - 0x000007fde4ec1000 	C:\Windows\SYSTEM32\dwmapi.dll
0x000000000aa00000 - 0x000000000b02f000 	C:\Windows\SYSTEM32\ig4icd64.dll
0x000000000b1c0000 - 0x000000000b60d000 	C:\Windows\SYSTEM32\ig4dev64.dll
0x000007fde6bb0000 - 0x000007fde6bba000 	C:\Windows\SYSTEM32\CRYPTBASE.dll
0x000007fde6b50000 - 0x000007fde6bac000 	C:\Windows\SYSTEM32\bcryptPrimitives.dll
0x000007fde40b0000 - 0x000007fde4119000 	C:\Windows\SYSTEM32\oleacc.dll
0x000007fdd89e0000 - 0x000007fdd8a71000 	C:\Windows\SYSTEM32\mscms.dll
0x000007fde63a0000 - 0x000007fde63bf000 	C:\Windows\SYSTEM32\USERENV.dll
0x000007fde6d70000 - 0x000007fde6d85000 	C:\Windows\SYSTEM32\profapi.dll
0x000007fdd8b90000 - 0x000007fdd8bd0000 	C:\Windows\SYSTEM32\icm32.dll
0x000007fddca60000 - 0x000007fddcbc3000 	C:\Windows\SYSTEM32\dbghelp.dll

VM Arguments:
jvm_args: -Djava.library.path=C:\Users\Dennis\git\Project-Pokemon\Project-Pokemon\lib\natives\windows -Dfile.encoding=Cp1252 
java_command: de.pokemon.Core
Launcher Type: SUN_STANDARD

Environment Variables:
PATH=C:\Windows\system32;C:\Windows;C:\Windows\System32\Wbem;C:\Windows\System32\WindowsPowerShell\v1.0\;C:\Program Files\Microsoft\Web Platform Installer\;C:\Program Files (x86)\Microsoft ASP.NET\ASP.NET Web Pages\v1.0\;C:\Program Files (x86)\Windows Kits\8.0\Windows Performance Toolkit\;C:\Program Files\Microsoft SQL Server\110\Tools\Binn\
USERNAME=Dennis
OS=Windows_NT
PROCESSOR_IDENTIFIER=Intel64 Family 6 Model 15 Stepping 11, GenuineIntel



---------------  S Y S T E M  ---------------

OS: Windows 8 , 64 bit Build 9200 

CPU:total 2 (2 cores per cpu, 1 threads per core) family 6 model 15 stepping 11, cmov, cx8, fxsr, mmx, sse, sse2, sse3, ssse3, tsc

Memory: 4k page, physical 4118812k(2079492k free), swap 4839708k(2577420k free)

vm_info: Java HotSpot(TM) 64-Bit Server VM (23.7-b01) for windows-amd64 JRE (1.7.0_17-b02), built on Mar  1 2013 03:38:30 by "java_re" with unknown MS VC++:1600

time: Wed May 22 10:09:04 2013
elapsed time: 0 seconds

