#
# A fatal error has been detected by the Java Runtime Environment:
#
#  EXCEPTION_ACCESS_VIOLATION (0xc0000005) at pc=0x000000000a852b60, pid=1232, tid=6104
#
# JRE version: 7.0_21-b11
# Java VM: Java HotSpot(TM) 64-Bit Server VM (23.21-b01 mixed mode windows-amd64 compressed oops)
# Problematic frame:
# C  [ig4dev64.dll+0x12b60]
#
# Failed to write core dump. Minidumps are not enabled by default on client versions of Windows
#
# If you would like to submit a bug report, please visit:
#   http://bugreport.sun.com/bugreport/crash.jsp
# The crash happened outside the Java Virtual Machine in native code.
# See problematic frame for where to report the bug.
#

---------------  T H R E A D  ---------------

Current thread (0x000000000063d800):  JavaThread "main" [_thread_in_native, id=6104, stack(0x0000000001d80000,0x0000000001e80000)]

siginfo: ExceptionCode=0xc0000005, reading address 0x0000000000000000

Registers:
RAX=0x0000000000000000, RBX=0x000000000b0900b0, RCX=0x000000000b0900b0, RDX=0x00000000004a8070
RSP=0x0000000001e7dea0, RBP=0x000000000b0e54c8, RSI=0x000000000049d170, RDI=0x000000000b0e54c8
R8 =0x00000000004a8170, R9 =0x00000000004002f8, R10=0x0000000000000003, R11=0x000007fde9f1e700
R12=0xffffffffc601106f, R13=0x000000000825f860, R14=0x000000000b0900b0, R15=0x0000000000000000
RIP=0x000000000a852b60, EFLAGS=0x0000000000010202

Top of Stack: (sp=0x0000000001e7dea0)
0x0000000001e7dea0:   00000000004bde10 000007fde9ea5cd8
0x0000000001e7deb0:   0000000000400000 0000000000000000
0x0000000001e7dec0:   0000000000000000 00000000004bde10
0x0000000001e7ded0:   00000000004bd170 000000000b0900b0
0x0000000001e7dee0:   fffffffffffffffe 0000000000000001
0x0000000001e7def0:   0000000000000000 000007f600000000
0x0000000001e7df00:   00000000004bde28 000000000a8d80a2
0x0000000001e7df10:   0000000000000000 000000000825f860
0x0000000001e7df20:   000007f6f05c0000 0000000000412a20
0x0000000001e7df30:   00000000004a6540 00000000004a8170
0x0000000001e7df40:   0000000000000000 000007fde711e892
0x0000000001e7df50:   0000000000000000 00000000004a6540
0x0000000001e7df60:   fffffffffffffffe 00000000004bde10
0x0000000001e7df70:   0000000000000000 000000000825f860
0x0000000001e7df80:   000007f6f05c0000 0000000000412a20
0x0000000001e7df90:   00000000004bbdc0 00000000004a8170 

Instructions: (pc=0x000000000a852b60)
0x000000000a852b40:   33 c4 48 89 84 24 50 02 00 00 4c 8b f1 48 89 4c
0x000000000a852b50:   24 38 48 8d a9 18 54 05 00 48 8b 85 e0 00 00 00
0x000000000a852b60:   48 8b 08 48 8b 59 10 48 89 5c 24 30 49 8b b6 28
0x000000000a852b70:   58 05 00 49 3b b6 30 58 05 00 74 64 45 33 ed 90 


Register to memory mapping:

RAX=0x0000000000000000 is an unknown value
RBX=0x000000000b0900b0 is an unknown value
RCX=0x000000000b0900b0 is an unknown value
RDX=0x00000000004a8070 is an unknown value
RSP=0x0000000001e7dea0 is pointing into the stack for thread: 0x000000000063d800
RBP=0x000000000b0e54c8 is an unknown value
RSI=0x000000000049d170 is an unknown value
RDI=0x000000000b0e54c8 is an unknown value
R8 =0x00000000004a8170 is an unknown value
R9 =0x00000000004002f8 is an unknown value
R10=0x0000000000000003 is an unknown value
R11=0x000007fde9f1e700 is an unknown value
R12=0xffffffffc601106f is an unknown value
R13=0x000000000825f860 is an unknown value
R14=0x000000000b0900b0 is an unknown value
R15=0x0000000000000000 is an unknown value


Stack: [0x0000000001d80000,0x0000000001e80000],  sp=0x0000000001e7dea0,  free space=1015k
Native frames: (J=compiled Java code, j=interpreted, Vv=VM code, C=native code)
C  [ig4dev64.dll+0x12b60]

Java frames: (J=compiled Java code, j=interpreted, Vv=VM code)
j  org.lwjgl.opengl.WindowsContextImplementation.nCreate(Ljava/nio/ByteBuffer;Ljava/nio/IntBuffer;Ljava/nio/ByteBuffer;)Ljava/nio/ByteBuffer;+0
j  org.lwjgl.opengl.WindowsContextImplementation.create(Lorg/lwjgl/opengl/PeerInfo;Ljava/nio/IntBuffer;Ljava/nio/ByteBuffer;)Ljava/nio/ByteBuffer;+10
j  org.lwjgl.opengl.ContextGL.<init>(Lorg/lwjgl/opengl/PeerInfo;Lorg/lwjgl/opengl/ContextAttribs;Lorg/lwjgl/opengl/ContextGL;)V+103
j  org.lwjgl.opengl.Display.create(Lorg/lwjgl/opengl/PixelFormat;Lorg/lwjgl/opengl/Drawable;Lorg/lwjgl/opengl/ContextAttribs;)V+102
j  org.lwjgl.opengl.Display.create(Lorg/lwjgl/opengl/PixelFormat;)V+12
j  org.newdawn.slick.AppGameContainer.tryCreateDisplay(Lorg/lwjgl/opengl/PixelFormat;)V+7
j  org.newdawn.slick.AppGameContainer.access$000(Lorg/newdawn/slick/AppGameContainer;Lorg/lwjgl/opengl/PixelFormat;)V+2
j  org.newdawn.slick.AppGameContainer$2.run()Ljava/lang/Object;+36
v  ~StubRoutines::call_stub
j  java.security.AccessController.doPrivileged(Ljava/security/PrivilegedAction;)Ljava/lang/Object;+0
j  org.newdawn.slick.AppGameContainer.setup()V+112
j  org.newdawn.slick.AppGameContainer.start()V+1
j  de.pokemon.Core.main([Ljava/lang/String;)V+43
v  ~StubRoutines::call_stub

---------------  P R O C E S S  ---------------

Java Threads: ( => current thread )
  0x0000000008224000 JavaThread "Service Thread" daemon [_thread_blocked, id=2504, stack(0x00000000093b0000,0x00000000094b0000)]
  0x0000000008222000 JavaThread "C2 CompilerThread1" daemon [_thread_blocked, id=5832, stack(0x00000000092b0000,0x00000000093b0000)]
  0x000000000820a000 JavaThread "C2 CompilerThread0" daemon [_thread_blocked, id=512, stack(0x00000000091b0000,0x00000000092b0000)]
  0x0000000008208800 JavaThread "Attach Listener" daemon [_thread_blocked, id=4064, stack(0x00000000090b0000,0x00000000091b0000)]
  0x0000000008205000 JavaThread "Signal Dispatcher" daemon [_thread_blocked, id=5292, stack(0x0000000008fb0000,0x00000000090b0000)]
  0x00000000081a0000 JavaThread "Finalizer" daemon [_thread_blocked, id=5492, stack(0x0000000008eb0000,0x0000000008fb0000)]
  0x0000000008198000 JavaThread "Reference Handler" daemon [_thread_blocked, id=3040, stack(0x0000000008db0000,0x0000000008eb0000)]
=>0x000000000063d800 JavaThread "main" [_thread_in_native, id=6104, stack(0x0000000001d80000,0x0000000001e80000)]

Other Threads:
  0x000000000818e800 VMThread [stack: 0x0000000008cb0000,0x0000000008db0000] [id=3048]
  0x000000000822c800 WatcherThread [stack: 0x00000000094b0000,0x00000000095b0000] [id=3360]

VM state:not at safepoint (normal execution)

VM Mutex/Monitor currently owned by a thread: None

Heap
 PSYoungGen      total 18816K, used 2634K [0x00000000eb0b0000, 0x00000000ec5a0000, 0x0000000100000000)
  eden space 16192K, 16% used [0x00000000eb0b0000,0x00000000eb3429b8,0x00000000ec080000)
  from space 2624K, 0% used [0x00000000ec310000,0x00000000ec310000,0x00000000ec5a0000)
  to   space 2624K, 0% used [0x00000000ec080000,0x00000000ec080000,0x00000000ec310000)
 ParOldGen       total 42944K, used 0K [0x00000000c1200000, 0x00000000c3bf0000, 0x00000000eb0b0000)
  object space 42944K, 0% used [0x00000000c1200000,0x00000000c1200000,0x00000000c3bf0000)
 PSPermGen       total 21248K, used 4263K [0x00000000bc000000, 0x00000000bd4c0000, 0x00000000c1200000)
  object space 21248K, 20% used [0x00000000bc000000,0x00000000bc429e00,0x00000000bd4c0000)

Card table byte_map: [0x0000000005110000,0x0000000005340000] byte_map_base: 0x0000000004b30000

Polling page: 0x00000000005b0000

Code Cache  [0x0000000002050000, 0x00000000022c0000, 0x0000000005050000)
 total_blobs=248 nmethods=7 adapters=193 free_code_cache=48731Kb largest_free_block=49892160

Compilation events (10 events):
Event: 0.251 Thread 0x000000000820a000 nmethod 1 0x00000000020b0fd0 code [0x00000000020b1120, 0x00000000020b1578]
Event: 0.251 Thread 0x0000000008222000 nmethod 3 0x00000000020b3450 code [0x00000000020b3580, 0x00000000020b36f8]
Event: 0.270 Thread 0x000000000820a000    4             java.lang.String::lastIndexOf (52 bytes)
Event: 0.273 Thread 0x000000000820a000 nmethod 4 0x00000000020b0810 code [0x00000000020b0960, 0x00000000020b0ac8]
Event: 0.274 Thread 0x0000000008222000    5             java.lang.String::charAt (29 bytes)
Event: 0.274 Thread 0x0000000008222000 nmethod 5 0x00000000020b0590 code [0x00000000020b06c0, 0x00000000020b0758]
Event: 0.290 Thread 0x000000000820a000    6             java.lang.String::replace (127 bytes)
Event: 0.304 Thread 0x000000000820a000 nmethod 6 0x00000000020b3c90 code [0x00000000020b3de0, 0x00000000020b4258]
Event: 0.437 Thread 0x0000000008222000    7             java.lang.String::startsWith (72 bytes)
Event: 0.440 Thread 0x0000000008222000 nmethod 7 0x00000000020bb0d0 code [0x00000000020bb220, 0x00000000020bb3b8]

GC Heap History (0 events):
No events

Deoptimization events (0 events):
No events

Internal exceptions (10 events):
Event: 0.432 Thread 0x000000000063d800 Threw 0x00000000eb2df3d0 at C:\jdk7u2_64p\jdk7u21\hotspot\src\share\vm\prims\jvm.cpp:1166
Event: 0.433 Thread 0x000000000063d800 Threw 0x00000000eb2e30e8 at C:\jdk7u2_64p\jdk7u21\hotspot\src\share\vm\prims\jvm.cpp:1166
Event: 0.436 Thread 0x000000000063d800 Threw 0x00000000eb2eae90 at C:\jdk7u2_64p\jdk7u21\hotspot\src\share\vm\prims\jvm.cpp:1166
Event: 0.442 Thread 0x000000000063d800 Threw 0x00000000eb2f0958 at C:\jdk7u2_64p\jdk7u21\hotspot\src\share\vm\prims\jvm.cpp:1166
Event: 0.446 Thread 0x000000000063d800 Threw 0x00000000eb2f5790 at C:\jdk7u2_64p\jdk7u21\hotspot\src\share\vm\prims\jvm.cpp:1166
Event: 0.453 Thread 0x000000000063d800 Threw 0x00000000eb30c668 at C:\jdk7u2_64p\jdk7u21\hotspot\src\share\vm\prims\jvm.cpp:1166
Event: 0.454 Thread 0x000000000063d800 Threw 0x00000000eb30feb8 at C:\jdk7u2_64p\jdk7u21\hotspot\src\share\vm\prims\jvm.cpp:1166
Event: 0.463 Thread 0x000000000063d800 Threw 0x00000000eb316c20 at C:\jdk7u2_64p\jdk7u21\hotspot\src\share\vm\prims\jvm.cpp:1166
Event: 0.464 Thread 0x000000000063d800 Threw 0x00000000eb31d620 at C:\jdk7u2_64p\jdk7u21\hotspot\src\share\vm\prims\jvm.cpp:1166
Event: 0.466 Thread 0x000000000063d800 Threw 0x00000000eb320060 at C:\jdk7u2_64p\jdk7u21\hotspot\src\share\vm\prims\jvm.cpp:1166

Events (10 events):
Event: 0.453 loading class 0x00000000096af2e0
Event: 0.453 loading class 0x00000000096af2e0 done
Event: 0.454 loading class 0x000000000964cff0
Event: 0.454 loading class 0x000000000964cff0 done
Event: 0.463 loading class 0x000000000824fd30
Event: 0.463 loading class 0x000000000824fd30 done
Event: 0.464 loading class 0x00000000096b0e20
Event: 0.464 loading class 0x00000000096b0e20 done
Event: 0.466 loading class 0x0000000009665be0
Event: 0.466 loading class 0x0000000009665be0 done


Dynamic libraries:
0x000007f6f1130000 - 0x000007f6f1163000 	C:\Program Files\Java\jre7\bin\javaw.exe
0x000007fde9ea0000 - 0x000007fdea060000 	C:\Windows\SYSTEM32\ntdll.dll
0x000007fde9d60000 - 0x000007fde9e96000 	C:\Windows\system32\KERNEL32.DLL
0x000007fde7100000 - 0x000007fde71f3000 	C:\Windows\system32\KERNELBASE.dll
0x000007fde7fb0000 - 0x000007fde808e000 	C:\Windows\system32\ADVAPI32.dll
0x000007fde8090000 - 0x000007fde81dc000 	C:\Windows\system32\USER32.dll
0x000007fde5ec0000 - 0x000007fde612a000 	C:\Windows\WinSxS\amd64_microsoft.windows.common-controls_6595b64144ccf1df_6.0.9200.16579_none_418ab7ef718b27ef\COMCTL32.dll
0x000007fde7f00000 - 0x000007fde7fa5000 	C:\Windows\system32\msvcrt.dll
0x000007fde9a50000 - 0x000007fde9a98000 	C:\Windows\SYSTEM32\sechost.dll
0x000007fde7880000 - 0x000007fde79c0000 	C:\Windows\system32\RPCRT4.dll
0x000007fde8310000 - 0x000007fde8450000 	C:\Windows\system32\GDI32.dll
0x000007fde9aa0000 - 0x000007fde9ad9000 	C:\Windows\system32\IMM32.DLL
0x000007fde81f0000 - 0x000007fde8305000 	C:\Windows\system32\MSCTF.dll
0x0000000071790000 - 0x00000000717c8000 	C:\PROGRA~2\Sophos\SOPHOS~1\SOPHOS~2.DLL
0x000007fde9cb0000 - 0x000007fde9cb7000 	C:\Windows\system32\PSAPI.DLL
0x0000000071340000 - 0x0000000071411000 	C:\Program Files\Java\jre7\bin\msvcr100.dll
0x0000000070810000 - 0x0000000070f31000 	C:\Program Files\Java\jre7\bin\server\jvm.dll
0x000007fde39d0000 - 0x000007fde39d9000 	C:\Windows\SYSTEM32\WSOCK32.dll
0x000007fde18a0000 - 0x000007fde18c0000 	C:\Windows\SYSTEM32\WINMM.dll
0x000007fde8450000 - 0x000007fde84a8000 	C:\Windows\system32\WS2_32.dll
0x000007fde1860000 - 0x000007fde1892000 	C:\Windows\SYSTEM32\WINMMBASE.dll
0x000007fde7be0000 - 0x000007fde7be9000 	C:\Windows\system32\NSI.dll
0x0000000071330000 - 0x000000007133f000 	C:\Program Files\Java\jre7\bin\verify.dll
0x0000000071300000 - 0x0000000071328000 	C:\Program Files\Java\jre7\bin\java.dll
0x00000000712e0000 - 0x00000000712f5000 	C:\Program Files\Java\jre7\bin\zip.dll
0x0000000180000000 - 0x0000000180050000 	C:\Users\Dennis\git\Project-Pokemon\Project-Pokemon\lib\natives\windows\lwjgl64.dll
0x000007fddb480000 - 0x000007fddb59f000 	C:\Windows\SYSTEM32\OPENGL32.dll
0x000007fde61c0000 - 0x000007fde61c9000 	C:\Windows\SYSTEM32\VERSION.dll
0x000007fddcc60000 - 0x000007fddcc8c000 	C:\Windows\SYSTEM32\GLU32.dll
0x000007fddb390000 - 0x000007fddb47a000 	C:\Windows\SYSTEM32\DDRAW.dll
0x000007fddeb30000 - 0x000007fddeb38000 	C:\Windows\SYSTEM32\DCIMAN32.dll
0x00000000712c0000 - 0x00000000712d9000 	C:\Program Files\Java\jre7\bin\net.dll
0x00000000715b0000 - 0x00000000715d2000 	C:\ProgramData\Sophos\Web Intelligence\swi_ifslsp_64.dll
0x000007fde84b0000 - 0x000007fde9790000 	C:\Windows\system32\SHELL32.dll
0x000007fde7a30000 - 0x000007fde7be0000 	C:\Windows\SYSTEM32\combase.dll
0x000007fde9930000 - 0x000007fde9980000 	C:\Windows\system32\SHLWAPI.dll
0x000007fde65c0000 - 0x000007fde661c000 	C:\Windows\system32\mswsock.dll
0x00000000712a0000 - 0x00000000712b1000 	C:\Program Files\Java\jre7\bin\nio.dll
0x000007fde55e0000 - 0x000007fde56c6000 	C:\Windows\system32\uxtheme.dll
0x000007fde1d10000 - 0x000007fde1da5000 	C:\Program Files\Common Files\microsoft shared\ink\tiptsf.dll
0x000007fde9980000 - 0x000007fde9a43000 	C:\Windows\system32\OLEAUT32.dll
0x000007fdd8de0000 - 0x000007fdd8e00000 	C:\Program Files (x86)\TeamViewer\Version8\tv_x64.dll
0x000007fde7d70000 - 0x000007fde7eee000 	C:\Windows\system32\ole32.dll
0x000007fde4ea0000 - 0x000007fde4ec1000 	C:\Windows\SYSTEM32\dwmapi.dll
0x000000000a110000 - 0x000000000a73f000 	C:\Windows\SYSTEM32\ig4icd64.dll
0x000000000a840000 - 0x000000000ac8d000 	C:\Windows\SYSTEM32\ig4dev64.dll
0x000007fde6bb0000 - 0x000007fde6bba000 	C:\Windows\SYSTEM32\CRYPTBASE.dll
0x000007fde6b50000 - 0x000007fde6bac000 	C:\Windows\SYSTEM32\bcryptPrimitives.dll
0x000007fde40b0000 - 0x000007fde4119000 	C:\Windows\SYSTEM32\oleacc.dll
0x000007fddbfe0000 - 0x000007fddc071000 	C:\Windows\SYSTEM32\mscms.dll
0x000007fde63a0000 - 0x000007fde63bf000 	C:\Windows\SYSTEM32\USERENV.dll
0x000007fde6d70000 - 0x000007fde6d85000 	C:\Windows\SYSTEM32\profapi.dll
0x000007fddcc20000 - 0x000007fddcc60000 	C:\Windows\SYSTEM32\icm32.dll
0x000007fddca60000 - 0x000007fddcbc3000 	C:\Windows\SYSTEM32\dbghelp.dll

VM Arguments:
jvm_args: -Djava.library.path=C:\Users\Dennis\git\Project-Pokemon\Project-Pokemon\lib\natives\windows -Dfile.encoding=Cp1252 
java_command: de.pokemon.Core
Launcher Type: SUN_STANDARD

Environment Variables:
PATH=C:\Windows\system32;C:\Windows;C:\Windows\System32\Wbem;C:\Windows\System32\WindowsPowerShell\v1.0\;C:\Program Files\Microsoft\Web Platform Installer\;C:\Program Files (x86)\Microsoft ASP.NET\ASP.NET Web Pages\v1.0\;C:\Program Files (x86)\Windows Kits\8.0\Windows Performance Toolkit\;C:\Program Files\Microsoft SQL Server\110\Tools\Binn\
USERNAME=Dennis
OS=Windows_NT
PROCESSOR_IDENTIFIER=Intel64 Family 6 Model 15 Stepping 11, GenuineIntel



---------------  S Y S T E M  ---------------

OS: Windows 8 , 64 bit Build 9200 

CPU:total 2 (2 cores per cpu, 1 threads per core) family 6 model 15 stepping 11, cmov, cx8, fxsr, mmx, sse, sse2, sse3, ssse3, tsc

Memory: 4k page, physical 4118812k(1716036k free), swap 4839708k(2248660k free)

vm_info: Java HotSpot(TM) 64-Bit Server VM (23.21-b01) for windows-amd64 JRE (1.7.0_21-b11), built on Apr  4 2013 08:11:28 by "java_re" with unknown MS VC++:1600

time: Wed May 22 10:15:17 2013
elapsed time: 0 seconds

